<?xml version="1.0" encoding="UTF-8"?>
<!-- Generated by org.testng.reporters.JUnitReportReporter -->
<testsuite hostname="DESKTOP-16O7D5M" failures="0" tests="1" name="practicepackage2.man1" time="0.005" errors="0" timestamp="2022-08-17T16:43:16 IST" skipped="0">
  <testcase classname="practicepackage2.man1" name="ma1" time="0.005"/>
  <system-out/>
</testsuite> <!-- practicepackage2.man1 -->
