<?xml version="1.0" encoding="UTF-8"?>
<!-- Generated by org.testng.reporters.JUnitReportReporter -->
<testsuite hostname="DESKTOP-16O7D5M" failures="0" tests="1" name="practicepackage2.man2" time="0.009" errors="0" timestamp="2022-08-17T16:43:16 IST" skipped="0">
  <testcase classname="practicepackage2.man2" name="sh1" time="0.009"/>
  <system-out/>
</testsuite> <!-- practicepackage2.man2 -->
