<?xml version="1.0" encoding="UTF-8"?>
<!-- Generated by org.testng.reporters.JUnitReportReporter -->
<testsuite hostname="DESKTOP-16O7D5M" failures="0" tests="4" name="man1" time="0.026" errors="0" timestamp="2022-08-17T16:01:05 IST" skipped="0">
  <testcase classname="man1" name="ma3" time="0.007"/>
  <system-out/>
  <testcase classname="man1" name="ma2" time="0.006"/>
  <system-out/>
  <testcase classname="man1" name="ma1" time="0.002"/>
  <system-out/>
  <testcase classname="man1" name="ma" time="0.011"/>
  <system-out/>
</testsuite> <!-- man1 -->
