<?xml version="1.0" encoding="UTF-8"?>
<!-- Generated by org.testng.reporters.JUnitReportReporter -->
<testsuite hostname="DESKTOP-16O7D5M" failures="0" tests="4" name="man2$man1" time="0.018" errors="0" timestamp="2022-08-17T16:01:12 IST" skipped="0">
  <testcase classname="man2$man1" name="sh" time="0.007"/>
  <system-out/>
  <testcase classname="man2$man1" name="sh3" time="0.005"/>
  <system-out/>
  <testcase classname="man2$man1" name="sh2" time="0.004"/>
  <system-out/>
  <testcase classname="man2$man1" name="sh1" time="0.002"/>
  <system-out/>
</testsuite> <!-- man2$man1 -->
