<?xml version="1.0" encoding="UTF-8"?>
<!-- Generated by org.testng.reporters.JUnitReportReporter -->
<testsuite hostname="DESKTOP-16O7D5M" failures="0" tests="4" name="practicepackage2.man2$man1" time="0.018" errors="0" timestamp="2022-08-17T16:22:59 IST" skipped="0">
  <testcase classname="practicepackage2.man2$man1" name="sh" time="0.009"/>
  <system-out/>
  <testcase classname="practicepackage2.man2$man1" name="sh3" time="0.003"/>
  <system-out/>
  <testcase classname="practicepackage2.man2$man1" name="sh1" time="0.002"/>
  <system-out/>
  <testcase classname="practicepackage2.man2$man1" name="sh2" time="0.004"/>
  <system-out/>
</testsuite> <!-- practicepackage2.man2$man1 -->
